Compiling the CXX compiler identification source file "CMakeCXXCompilerId.cpp" failed.
Compiler: cl 
Build flags: 
Id flags:  

The output was:
Le fichier spécifié est introuvable


Compiling the CXX compiler identification source file "CMakeCXXCompilerId.cpp" failed.
Compiler: cl 
Build flags: 
Id flags: -c 

The output was:
Le fichier spécifié est introuvable


Compiling the CXX compiler identification source file "CMakeCXXCompilerId.cpp" failed.
Compiler: cl 
Build flags: 
Id flags: --c++ 

The output was:
Le fichier spécifié est introuvable


Compiling the CXX compiler identification source file "CMakeCXXCompilerId.cpp" failed.
Compiler: cl 
Build flags: 
Id flags: --ec++ 

The output was:
Le fichier spécifié est introuvable


Compiling the CXX compiler identification source file "CMakeCXXCompilerId.cpp" failed.
Compiler: cl 
Build flags: 
Id flags: --target=arm-arm-none-eabi;-mcpu=cortex-m3 

The output was:
Le fichier spécifié est introuvable


Compiling the CXX compiler identification source file "CMakeCXXCompilerId.cpp" failed.
Compiler: cl 
Build flags: 
Id flags:  

The output was:
Le fichier spécifié est introuvable


Compiling the CXX compiler identification source file "CMakeCXXCompilerId.cpp" failed.
Compiler: cl 
Build flags: 
Id flags: -c 

The output was:
Le fichier spécifié est introuvable


Compiling the CXX compiler identification source file "CMakeCXXCompilerId.cpp" failed.
Compiler: cl 
Build flags: 
Id flags: --c++ 

The output was:
Le fichier spécifié est introuvable


Compiling the CXX compiler identification source file "CMakeCXXCompilerId.cpp" failed.
Compiler: cl 
Build flags: 
Id flags: --ec++ 

The output was:
Le fichier spécifié est introuvable


Compiling the CXX compiler identification source file "CMakeCXXCompilerId.cpp" failed.
Compiler: cl 
Build flags: 
Id flags: --target=arm-arm-none-eabi;-mcpu=cortex-m3 

The output was:
Le fichier spécifié est introuvable


Checking whether the CXX compiler is IAR using "" did not match "IAR .+ Compiler":
Checking whether the CXX compiler is IAR using "" did not match "IAR .+ Compiler":
